<?xml version="1.0" encoding="UTF-8"?>
<!-- Generated by org.testng.reporters.JUnitReportReporter -->
<testsuite skipped="0" hostname="IN5CG4525JV9" name="ara.Selenium.com.Ara.myFramewrok.com.Parallelexecution" tests="5" failures="0" timestamp="18 Nov 2019 09:00:44 GMT" time="215.633" errors="0">
  <testcase name="atest" time="42.138" classname="ara.Selenium.com.Ara.myFramewrok.com.Parallelexecution"/>
  <testcase name="ctest" time="43.419" classname="ara.Selenium.com.Ara.myFramewrok.com.Parallelexecution"/>
  <testcase name="btest" time="41.551" classname="ara.Selenium.com.Ara.myFramewrok.com.Parallelexecution"/>
  <testcase name="dtest" time="44.092" classname="ara.Selenium.com.Ara.myFramewrok.com.Parallelexecution"/>
  <testcase name="etest" time="44.433" classname="ara.Selenium.com.Ara.myFramewrok.com.Parallelexecution"/>
</testsuite> <!-- ara.Selenium.com.Ara.myFramewrok.com.Parallelexecution -->
