<?xml version="1.0" encoding="UTF-8"?>
<!-- Generated by org.testng.reporters.JUnitReportReporter -->
<testsuite skipped="0" hostname="IN5CG4525JV9" name="ara.Selenium.com.Ara.myFramewrok.com.LoginPageTest_XML" tests="1" failures="0" timestamp="19 Jan 2020 06:39:06 GMT" time="155.879" errors="0">
  <testcase name="startApp" time="155.879" classname="ara.Selenium.com.Ara.myFramewrok.com.LoginPageTest_XML"/>
</testsuite> <!-- ara.Selenium.com.Ara.myFramewrok.com.LoginPageTest_XML -->
