<?xml version="1.0" encoding="UTF-8"?>
<!-- Generated by org.testng.reporters.JUnitReportReporter -->
<testsuite skipped="0" hostname="IN5CG4525JV9" name="ara.Selenium.com.Ara.myFramewrok.com.LoginPageTest_XML" tests="1" failures="0" timestamp="23 Dec 2019 07:44:44 GMT" time="26.936" errors="0">
  <testcase name="startApp" time="26.936" classname="ara.Selenium.com.Ara.myFramewrok.com.LoginPageTest_XML"/>
</testsuite> <!-- ara.Selenium.com.Ara.myFramewrok.com.LoginPageTest_XML -->
