<?xml version="1.0" encoding="UTF-8"?>
<!-- Generated by org.testng.reporters.JUnitReportReporter -->
<testsuite skipped="0" hostname="IN5CG4525JV9" name="ara.Selenium.com.Ara.myFramewrok.com.LoginPageTest" tests="1" failures="0" timestamp="23 Dec 2019 07:41:39 GMT" time="29.319" errors="0">
  <testcase name="loginTest" time="29.319" classname="ara.Selenium.com.Ara.myFramewrok.com.LoginPageTest"/>
</testsuite> <!-- ara.Selenium.com.Ara.myFramewrok.com.LoginPageTest -->
